<?xml version="1.0" encoding="UTF-8"?>
<!-- Generated by org.testng.reporters.JUnitReportReporter -->
<testsuite hostname="nibo" failures="0" tests="1" name="tests.LoginTest" time="6.511" errors="0" timestamp="2024-07-16T22:23:33 EDT" skipped="0">
  <testcase classname="tests.LoginTest" name="testLogin" time="6.511"/>
</testsuite> <!-- tests.LoginTest -->
