<?xml version="1.0" encoding="UTF-8"?>
<!-- Generated by org.testng.reporters.JUnitReportReporter -->
<testsuite hostname="nibo" failures="0" tests="1" name="tests.LoginPageTest" time="2.039" errors="0" timestamp="2024-08-11T23:47:05 EDT" skipped="0">
  <testcase classname="tests.LoginPageTest" name="loginTest" time="2.039"/>
</testsuite> <!-- tests.LoginPageTest -->
